<?xml version="1.0" encoding="UTF-8"?>
<!-- Generated by org.testng.reporters.JUnitXMLReporter -->
<testsuite hostname="RaghuLaptop" ignored="0" name="Free CRM App Test Cases" tests="4" failures="1" timestamp="08 Jan 2021 02:28:47 GMT" time="16.77" errors="0">
  <testcase name="loginWithUsernamePwd" time="3.823" classname="com.crm.qa.testcases.AppTestCases"/>
  <testcase name="verifygetTitle" time="0.023" classname="com.crm.qa.testcases.AppTestCases">
    <skipped/>
  </testcase> <!-- verifygetTitle -->
  <testcase name="verifygetTitle" time="0.011" classname="com.crm.qa.testcases.AppTestCases">
    <failure type="java.lang.AssertionError" message="expected [Web Orders sss] but found [Web Orders]">
      <![CDATA[java.lang.AssertionError: expected [Web Orders sss] but found [Web Orders]
	at com.crm.qa.pages.HomePage.verifyHomePageTitle(HomePage.java:26)
	at com.crm.qa.testcases.AppTestCases.verifygetTitle(AppTestCases.java:23)
... Removed 31 stack frames]]>
    </failure>
  </testcase> <!-- verifygetTitle -->
  <testcase name="logout" time="1.463" classname="com.crm.qa.testcases.AppTestCases"/>
</testsuite> <!-- Free CRM App Test Cases -->
