<?xml version="1.0" encoding="UTF-8"?>
<!-- Generated by org.testng.reporters.JUnitXMLReporter -->
<testsuite ignored="0" hostname="LAPTOP-1ELAPOQP" failures="0" tests="5" name="Default test" time="5.338" errors="0" timestamp="2022-12-16T12:48:38 IST">
  <testcase classname="com.crm.qa.base.BaseTest" name="@BeforeClass initialization" time="5.207">
    <failure type="org.openqa.selenium.WebDriverException" message="unknown error: Chrome failed to start: exited normally.
  (unknown error: DevToolsActivePort file doesn&amp;apos;t exist)
  (The process started from chrome location C:\Program Files\Google\Chrome\Application\chrome.exe is no longer running, so ChromeDriver is assuming that Chrome has crashed.)
Build info: version: &amp;apos;3.141.59&amp;apos;, revision: &amp;apos;e82be7d358&amp;apos;, time: &amp;apos;2018-11-14T08:17:03&amp;apos;
System info: host: &amp;apos;LAPTOP-1ELAPOQP&amp;apos;, ip: &amp;apos;192.168.43.130&amp;apos;, os.name: &amp;apos;Windows 11&amp;apos;, os.arch: &amp;apos;amd64&amp;apos;, os.version: &amp;apos;10.0&amp;apos;, java.version: &amp;apos;17.0.5&amp;apos;
Driver info: driver.version: ChromeDriver
remote stacktrace: Backtrace:
	(No symbol) [0x008DF243]
	(No symbol) [0x00867FD1]
	(No symbol) [0x0075D04D]
	(No symbol) [0x0077C24E]
	(No symbol) [0x007782E9]
	(No symbol) [0x007AF056]
	(No symbol) [0x007AEB2A]
	(No symbol) [0x007A8386]
	(No symbol) [0x0078163C]
	(No symbol) [0x0078269D]
	GetHandleVerifier [0x00B79A22+2655074]
	GetHandleVerifier [0x00B6CA24+2601828]
	GetHandleVerifier [0x00988C0A+619850]
	GetHandleVerifier [0x00987830+614768]
	(No symbol) [0x008705FC]
	(No symbol) [0x00875968]
	(No symbol) [0x00875A55]
	(No symbol) [0x0088051B]
	BaseThreadInitThunk [0x770C7D69+25]
	RtlInitializeExceptionChain [0x77C1BB9B+107]
	RtlClearBits [0x77C1BB1F+191]
">
      <![CDATA[org.openqa.selenium.WebDriverException: unknown error: Chrome failed to start: exited normally.
  (unknown error: DevToolsActivePort file doesn't exist)
  (The process started from chrome location C:\Program Files\Google\Chrome\Application\chrome.exe is no longer running, so ChromeDriver is assuming that Chrome has crashed.)
Build info: version: '3.141.59', revision: 'e82be7d358', time: '2018-11-14T08:17:03'
System info: host: 'LAPTOP-1ELAPOQP', ip: '192.168.43.130', os.name: 'Windows 11', os.arch: 'amd64', os.version: '10.0', java.version: '17.0.5'
Driver info: driver.version: ChromeDriver
remote stacktrace: Backtrace:
(No symbol) [0x008DF243]
(No symbol) [0x00867FD1]
(No symbol) [0x0075D04D]
(No symbol) [0x0077C24E]
(No symbol) [0x007782E9]
(No symbol) [0x007AF056]
(No symbol) [0x007AEB2A]
(No symbol) [0x007A8386]
(No symbol) [0x0078163C]
(No symbol) [0x0078269D]
GetHandleVerifier [0x00B79A22+2655074]
GetHandleVerifier [0x00B6CA24+2601828]
GetHandleVerifier [0x00988C0A+619850]
GetHandleVerifier [0x00987830+614768]
(No symbol) [0x008705FC]
(No symbol) [0x00875968]
(No symbol) [0x00875A55]
(No symbol) [0x0088051B]
BaseThreadInitThunk [0x770C7D69+25]
RtlInitializeExceptionChain [0x77C1BB9B+107]
RtlClearBits [0x77C1BB1F+191]

at java.base/jdk.internal.reflect.NativeConstructorAccessorImpl.newInstance0(Native Method)
at java.base/jdk.internal.reflect.NativeConstructorAccessorImpl.newInstance(NativeConstructorAccessorImpl.java:77)
at java.base/jdk.internal.reflect.DelegatingConstructorAccessorImpl.newInstance(DelegatingConstructorAccessorImpl.java:45)
at java.base/java.lang.reflect.Constructor.newInstanceWithCaller(Constructor.java:499)
at java.base/java.lang.reflect.Constructor.newInstance(Constructor.java:480)
at org.openqa.selenium.remote.W3CHandshakeResponse.lambda$errorHandler$0(W3CHandshakeResponse.java:62)
at org.openqa.selenium.remote.HandshakeResponse.lambda$getResponseFunction$0(HandshakeResponse.java:30)
at org.openqa.selenium.remote.ProtocolHandshake.lambda$createSession$0(ProtocolHandshake.java:126)
at java.base/java.util.stream.ReferencePipeline$3$1.accept(ReferencePipeline.java:197)
at java.base/java.util.Spliterators$ArraySpliterator.tryAdvance(Spliterators.java:1002)
at java.base/java.util.stream.ReferencePipeline.forEachWithCancel(ReferencePipeline.java:129)
at java.base/java.util.stream.AbstractPipeline.copyIntoWithCancel(AbstractPipeline.java:527)
at java.base/java.util.stream.AbstractPipeline.copyInto(AbstractPipeline.java:513)
at java.base/java.util.stream.AbstractPipeline.wrapAndCopyInto(AbstractPipeline.java:499)
at java.base/java.util.stream.FindOps$FindOp.evaluateSequential(FindOps.java:150)
at java.base/java.util.stream.AbstractPipeline.evaluate(AbstractPipeline.java:234)
at java.base/java.util.stream.ReferencePipeline.findFirst(ReferencePipeline.java:647)
at org.openqa.selenium.remote.ProtocolHandshake.createSession(ProtocolHandshake.java:128)
at org.openqa.selenium.remote.ProtocolHandshake.createSession(ProtocolHandshake.java:74)
at org.openqa.selenium.remote.HttpCommandExecutor.execute(HttpCommandExecutor.java:136)
at org.openqa.selenium.remote.service.DriverCommandExecutor.execute(DriverCommandExecutor.java:83)
at org.openqa.selenium.remote.RemoteWebDriver.execute(RemoteWebDriver.java:552)
at org.openqa.selenium.remote.RemoteWebDriver.startSession(RemoteWebDriver.java:213)
at org.openqa.selenium.remote.RemoteWebDriver.<init>(RemoteWebDriver.java:131)
at org.openqa.selenium.chrome.ChromeDriver.<init>(ChromeDriver.java:181)
at org.openqa.selenium.chrome.ChromeDriver.<init>(ChromeDriver.java:168)
at org.openqa.selenium.chrome.ChromeDriver.<init>(ChromeDriver.java:123)
at com.crm.qa.base.BaseTest.initialization(BaseTest.java:73)
at java.base/jdk.internal.reflect.NativeMethodAccessorImpl.invoke0(Native Method)
at java.base/jdk.internal.reflect.NativeMethodAccessorImpl.invoke(NativeMethodAccessorImpl.java:77)
at java.base/jdk.internal.reflect.DelegatingMethodAccessorImpl.invoke(DelegatingMethodAccessorImpl.java:43)
at java.base/java.lang.reflect.Method.invoke(Method.java:568)
at org.testng.internal.MethodInvocationHelper.invokeMethod(MethodInvocationHelper.java:133)
at org.testng.internal.MethodInvocationHelper.invokeMethodConsideringTimeout(MethodInvocationHelper.java:62)
at org.testng.internal.ConfigInvoker.invokeConfigurationMethod(ConfigInvoker.java:385)
at org.testng.internal.ConfigInvoker.invokeConfigurations(ConfigInvoker.java:321)
at org.testng.internal.TestMethodWorker.invokeBeforeClassMethods(TestMethodWorker.java:176)
at org.testng.internal.TestMethodWorker.run(TestMethodWorker.java:122)
at java.base/java.util.ArrayList.forEach(ArrayList.java:1511)
at org.testng.TestRunner.privateRun(TestRunner.java:794)
at org.testng.TestRunner.run(TestRunner.java:596)
at org.testng.SuiteRunner.runTest(SuiteRunner.java:377)
at org.testng.SuiteRunner.runSequentially(SuiteRunner.java:371)
at org.testng.SuiteRunner.privateRun(SuiteRunner.java:332)
at org.testng.SuiteRunner.run(SuiteRunner.java:276)
at org.testng.SuiteRunnerWorker.runSuite(SuiteRunnerWorker.java:53)
at org.testng.SuiteRunnerWorker.run(SuiteRunnerWorker.java:96)
at org.testng.TestNG.runSuitesSequentially(TestNG.java:1212)
at org.testng.TestNG.runSuitesLocally(TestNG.java:1134)
at org.testng.TestNG.runSuites(TestNG.java:1063)
at org.testng.TestNG.run(TestNG.java:1031)
at org.testng.remote.AbstractRemoteTestNG.run(AbstractRemoteTestNG.java:115)
at org.testng.remote.RemoteTestNG.initAndRun(RemoteTestNG.java:251)
at org.testng.remote.RemoteTestNG.main(RemoteTestNG.java:77)
]]>
    </failure>
  </testcase> <!-- @BeforeClass initialization -->
  <testcase classname="com.crm.qa.base.BaseTest" name="@BeforeMethod methodLevelSetup" time="-1.671175118487E9">
    <skipped/>
  </testcase> <!-- @BeforeMethod methodLevelSetup -->
  <testcase classname="com.crm.qa.base.BaseTest" name="@BeforeMethod methodLevelSetup" time="-1.671175118502E9">
    <skipped/>
  </testcase> <!-- @BeforeMethod methodLevelSetup -->
  <testcase classname="com.crm.qa.base.BaseTest" name="@BeforeMethod methodLevelSetup" time="-1.671175118517E9">
    <skipped/>
  </testcase> <!-- @BeforeMethod methodLevelSetup -->
  <testcase classname="com.crm.qa.base.BaseTest" name="@BeforeMethod methodLevelSetup" time="-1.671175118533E9">
    <skipped/>
  </testcase> <!-- @BeforeMethod methodLevelSetup -->
  <testcase classname="com.crm.qa.base.BaseTest" name="@BeforeMethod methodLevelSetup" time="-1.671175118544E9">
    <skipped/>
  </testcase> <!-- @BeforeMethod methodLevelSetup -->
  <testcase classname="com.crm.qa.base.BaseTest" name="@AfterClass teardown" time="-1.671175118553E9">
    <skipped/>
  </testcase> <!-- @AfterClass teardown -->
  <testcase classname="com.crm.qa.testcases.AppTestCases" name="TestCaseID_1" time="0.0">
    <skipped/>
  </testcase> <!-- TestCaseID_1 -->
  <testcase classname="com.crm.qa.testcases.AppTestCases" name="TestCaseID_2" time="0.0">
    <skipped/>
  </testcase> <!-- TestCaseID_2 -->
  <testcase classname="com.crm.qa.testcases.AppTestCases" name="TestCaseID_3" time="0.0">
    <skipped/>
  </testcase> <!-- TestCaseID_3 -->
  <testcase classname="com.crm.qa.testcases.AppTestCases" name="TestCaseID_4" time="0.0">
    <skipped/>
  </testcase> <!-- TestCaseID_4 -->
  <testcase classname="com.crm.qa.testcases.AppTestCases" name="TestCaseID_5" time="0.0">
    <skipped/>
  </testcase> <!-- TestCaseID_5 -->
</testsuite> <!-- Default test -->
